*** Using Compiler 'V5.06 update 7 (build 960)', folder: 'C:\keil5\MDK-ARM\ARM\ARM_Compiler_5.06u7\Bin'
Build target '6_Joystick_TwoADC'
assembling startup_stm32f103xb.s...
compiling stm32f1xx_hal_gpio_ex.c...
compiling stm32f1xx_hal_msp.c...
compiling usart.c...
compiling gpio.c...
compiling main.c...
compiling stm32f1xx_hal_rcc_ex.c...
compiling stm32f1xx_it.c...
compiling adc.c...
compiling stm32f1xx_hal.c...
compiling stm32f1xx_hal_gpio.c...
compiling stm32f1xx_hal_adc_ex.c...
compiling stm32f1xx_hal_adc.c...
compiling stm32f1xx_hal_rcc.c...
compiling stm32f1xx_hal_cortex.c...
compiling system_stm32f1xx.c...
compiling stm32f1xx_hal_dma.c...
compiling stm32f1xx_hal_pwr.c...
compiling stm32f1xx_hal_exti.c...
compiling stm32f1xx_hal_flash.c...
compiling stm32f1xx_hal_flash_ex.c...
compiling stm32f1xx_hal_uart.c...
linking...
Program Size: Code=6928 RO-data=328 RW-data=16 ZI-data=1800  
FromELF: creating hex file...
"6_Joystick_TwoADC\6_Joystick_TwoADC.axf" - 0 Error(s), 0 Warning(s).
Build Time Elapsed:  00:00:05
