*** Using Compiler 'V5.06 update 7 (build 960)', folder: 'C:\keil5\MDK-ARM\ARM\ARM_Compiler_5.06u7\Bin'
Build target 'LED_PC13'
assembling startup_stm32f103xb.s...
compiling gpio.c...
compiling stm32f1xx_hal.c...
compiling stm32f1xx_hal_flash_ex.c...
compiling stm32f1xx_hal_rcc.c...
compiling stm32f1xx_it.c...
compiling stm32f1xx_hal_rcc_ex.c...
compiling stm32f1xx_hal_gpio_ex.c...
compiling main.c...
compiling stm32f1xx_hal_gpio.c...
compiling stm32f1xx_hal_flash.c...
compiling stm32f1xx_hal_exti.c...
compiling stm32f1xx_hal_pwr.c...
compiling stm32f1xx_hal_dma.c...
compiling stm32f1xx_hal_cortex.c...
compiling stm32f1xx_hal_msp.c...
compiling system_stm32f1xx.c...
linking...
Program Size: Code=2772 RO-data=304 RW-data=16 ZI-data=1632  
FromELF: creating hex file...
"LED_PC13\LED_PC13.axf" - 0 Error(s), 0 Warning(s).
Build Time Elapsed:  00:01:26
