*** Using Compiler 'V5.06 update 7 (build 960)', folder: 'C:\keil5\MDK-ARM\ARM\ARM_Compiler_5.06u7\Bin'
Build target 'KEY_PC13_Freertos'
assembling startup_stm32f103xb.s...
compiling stm32f1xx_hal_gpio_ex.c...
compiling stm32f1xx_hal_timebase_tim.c...
compiling gpio.c...
compiling stm32f1xx_hal.c...
compiling stm32f1xx_hal_msp.c...
compiling stm32f1xx_it.c...
compiling stm32f1xx_hal_rcc_ex.c...
compiling stm32f1xx_hal_gpio.c...
compiling freertos.c...
compiling main.c...
compiling croutine.c...
compiling list.c...
compiling stm32f1xx_hal_rcc.c...
compiling event_groups.c...
compiling stm32f1xx_hal_tim_ex.c...
compiling timers.c...
compiling stream_buffer.c...
compiling queue.c...
compiling tasks.c...
compiling heap_4.c...
compiling port.c...
compiling stm32f1xx_hal_tim.c...
compiling stm32f1xx_hal_cortex.c...
compiling system_stm32f1xx.c...
compiling stm32f1xx_hal_pwr.c...
compiling stm32f1xx_hal_flash.c...
compiling stm32f1xx_hal_dma.c...
compiling stm32f1xx_hal_exti.c...
compiling stm32f1xx_hal_flash_ex.c...
compiling cmsis_os2.c...
linking...
Program Size: Code=10868 RO-data=488 RW-data=160 ZI-data=8064  
FromELF: creating hex file...
"KEY_PC13_Freertos\KEY_PC13_Freertos.axf" - 0 Error(s), 0 Warning(s).
Build Time Elapsed:  00:00:04
