*** Using Compiler 'V5.06 update 7 (build 960)', folder: 'C:\keil5\MDK-ARM\ARM\ARM_Compiler_5.06u7\Bin'
Build target '5_Tec_IIC_Trx'
assembling startup_stm32f103xb.s...
compiling stm32f1xx_hal.c...
compiling i2c.c...
compiling stm32f1xx_hal_rcc.c...
compiling stm32f1xx_it.c...
compiling stm32f1xx_hal_rcc_ex.c...
compiling main.c...
compiling stm32f1xx_hal_timebase_tim.c...
compiling stm32f1xx_hal_msp.c...
compiling stm32f1xx_hal_tim_ex.c...
compiling usart.c...
compiling stm32f1xx_hal_tim.c...
compiling gpio.c...
compiling stm32f1xx_hal_gpio_ex.c...
compiling stm32f1xx_hal_gpio.c...
compiling stm32f1xx_hal_dma.c...
compiling stm32f1xx_hal_cortex.c...
compiling stm32f1xx_hal_pwr.c...
compiling stm32f1xx_hal_flash_ex.c...
compiling stm32f1xx_hal_exti.c...
compiling system_stm32f1xx.c...
compiling stm32f1xx_hal_flash.c...
compiling stm32f1xx_hal_uart.c...
compiling stm32f1xx_hal_i2c.c...
linking...
Program Size: Code=6904 RO-data=312 RW-data=20 ZI-data=1860  
FromELF: creating hex file...
"5_Tec_IIC_Trx\5_Tec_IIC_Trx.axf" - 0 Error(s), 0 Warning(s).
Build Time Elapsed:  00:01:27
